<?xml version="1.0" encoding="UTF-8"?>
<testng-results ignored="0" total="3" passed="2" failed="1" skipped="0">
  <reporter-output>
    <line>
      <![CDATA[Test Started : null<br><br>]]>
    </line>
    <line>
      <![CDATA[Application Launched<br>]]>
    </line>
    <line>
      <![CDATA[Welcome Text Verified<br>]]>
    </line>
    <line>
      <![CDATA[PASS : Launch_Application<br><br><br>]]>
    </line>
    <line>
      <![CDATA[Test Started : null<br><br>]]>
    </line>
    <line>
      <![CDATA[Application Launched<br>]]>
    </line>
    <line>
      <![CDATA[Welcome Text Verified<br>]]>
    </line>
    <line>
      <![CDATA[<a href='Verify_Get_Started_page_And_SignUp_Functionality.png'> <img src='Verify_Get_Started_page_And_SignUp_Functionality.png' height='500' width='250'></img> </a><br><br>]]>
    </line>
    <line>
      <![CDATA[Failed : This test is failed at the above screen<br><br>]]>
    </line>
    <line>
      <![CDATA[Test Started : null<br><br>]]>
    </line>
    <line>
      <![CDATA[Application Launched<br>]]>
    </line>
    <line>
      <![CDATA[Welcome Text Verified<br>]]>
    </line>
    <line>
      <![CDATA[Clicked On Login Button<br>]]>
    </line>
    <line>
      <![CDATA[Clicked On Continue with username Button<br>]]>
    </line>
    <line>
      <![CDATA[Entered UserName :- oyhktoy<br>]]>
    </line>
    <line>
      <![CDATA[Entered UserName :- Test@123<br>]]>
    </line>
    <line>
      <![CDATA[Clicked On Sign In Button<br>]]>
    </line>
    <line>
      <![CDATA[Clicked On Skip Button<br>]]>
    </line>
    <line>
      <![CDATA[Clicked On Account Menu Button<br>]]>
    </line>
    <line>
      <![CDATA[Clicked On Logout Button<br>]]>
    </line>
    <line>
      <![CDATA[Back to Welcome Screen<br>]]>
    </line>
    <line>
      <![CDATA[PASS : Verify_Login_And_Logout_Functionality<br><br><br>]]>
    </line>
  </reporter-output>
  <suite started-at="2022-11-17T12:48:21 IST" name="Regression Suite - All Tests" finished-at="2022-11-17T12:50:12 IST" duration-ms="111397">
    <groups>
    </groups>
    <test started-at="2022-11-17T12:48:21 IST" name="Launch Application : Verify Application is launched" finished-at="2022-11-17T12:48:43 IST" duration-ms="22329">
      <class name="Tests.LaunchAppTest">
        <test-method is-config="true" signature="init(org.testng.ITestResult)[pri:0, instance:Tests.LaunchAppTest@e056f20]" started-at="2022-11-17T12:48:21 IST" name="init" finished-at="2022-11-17T12:48:40 IST" duration-ms="18695" status="PASS">
          <params>
            <param index="0">
              <value>
                <![CDATA[[TestResult name={null} status=CREATED method=LaunchAppTest.Launch_Application()[pri:0, instance:Tests.LaunchAppTest@e056f20] output={null}]]]>
              </value>
            </param>
          </params>
          <reporter-output>
            <line>
              <![CDATA[Test Started : null<br><br>]]>
            </line>
          </reporter-output>
        </test-method> <!-- init -->
        <test-method signature="Launch_Application()[pri:0, instance:Tests.LaunchAppTest@e056f20]" started-at="2022-11-17T12:48:40 IST" name="Launch_Application" finished-at="2022-11-17T12:48:42 IST" duration-ms="2349" status="PASS">
          <reporter-output>
            <line>
              <![CDATA[Application Launched<br>]]>
            </line>
            <line>
              <![CDATA[Welcome Text Verified<br>]]>
            </line>
          </reporter-output>
        </test-method> <!-- Launch_Application -->
        <test-method is-config="true" signature="tearDown(org.testng.ITestResult)[pri:0, instance:Tests.LaunchAppTest@e056f20]" started-at="2022-11-17T12:48:42 IST" name="tearDown" finished-at="2022-11-17T12:48:43 IST" duration-ms="1250" status="PASS">
          <params>
            <param index="0">
              <value>
                <![CDATA[[TestResult name=Launch_Application status=SUCCESS method=LaunchAppTest.Launch_Application()[pri:0, instance:Tests.LaunchAppTest@e056f20] output=Application Launched<br>]]]>
              </value>
            </param>
          </params>
          <reporter-output>
            <line>
              <![CDATA[PASS : Launch_Application<br><br><br>]]>
            </line>
          </reporter-output>
        </test-method> <!-- tearDown -->
      </class> <!-- Tests.LaunchAppTest -->
    </test> <!-- Launch Application : Verify Application is launched -->
    <test started-at="2022-11-17T12:48:43 IST" name="Create New Account : Verify Sign Up Functionality" finished-at="2022-11-17T12:49:23 IST" duration-ms="39118">
      <class name="Tests.GetStartedTest">
        <test-method is-config="true" signature="init(org.testng.ITestResult)[pri:0, instance:Tests.GetStartedTest@795cd85e]" started-at="2022-11-17T12:48:43 IST" name="init" finished-at="2022-11-17T12:49:01 IST" duration-ms="17831" status="PASS">
          <params>
            <param index="0">
              <value>
                <![CDATA[[TestResult name={null} status=CREATED method=GetStartedTest.Verify_Get_Started_page_And_SignUp_Functionality()[pri:0, instance:Tests.GetStartedTest@795cd85e] output={null}]]]>
              </value>
            </param>
          </params>
          <reporter-output>
            <line>
              <![CDATA[Test Started : null<br><br>]]>
            </line>
          </reporter-output>
        </test-method> <!-- init -->
        <test-method signature="Verify_Get_Started_page_And_SignUp_Functionality()[pri:0, instance:Tests.GetStartedTest@795cd85e]" started-at="2022-11-17T12:49:01 IST" name="Verify_Get_Started_page_And_SignUp_Functionality" finished-at="2022-11-17T12:49:19 IST" duration-ms="18223" status="FAIL">
          <exception class="org.openqa.selenium.NoSuchElementException">
            <message>
              <![CDATA[An element could not be located on the page using the given search parameters.
For documentation on this error, please visit: https://www.seleniumhq.org/exceptions/no_such_element.html
Build info: version: '3.141.59', revision: 'e82be7d358', time: '2018-11-14T08:17:03'
System info: host: 'Admins-MacBook-Pro.local', ip: 'fe80:0:0:0:10f3:b6ba:e29b:760a%en0', os.name: 'Mac OS X', os.arch: 'x86_64', os.version: '12.4', java.version: '18.0.1.1'
Driver info: io.appium.java_client.AppiumDriver
Capabilities {app: /Users/admin/Desktop/Planna..., appPackage: com.planna, automationName: UiAutomator2, databaseEnabled: false, desired: {app: /Users/admin/Desktop/Planna..., automationName: UiAutomator2, deviceName: 245d0e1d, fullReset: true, platformName: android, platformVersion: 12}, deviceApiLevel: 31, deviceManufacturer: OnePlus, deviceModel: IN2011, deviceName: 245d0e1d, deviceScreenDensity: 480, deviceScreenSize: 1080x2400, deviceUDID: 245d0e1d, fullReset: true, javascriptEnabled: true, locationContextEnabled: false, networkConnectionEnabled: true, pixelRatio: 3, platform: LINUX, platformName: android, platformVersion: 12, statBarHeight: 107, takesScreenshot: true, viewportRect: {height: 2186, left: 0, top: 107, width: 1080}, warnings: {}, webStorageEnabled: false}
Session ID: 0ab5d909-7c67-4f19-90b5-70fe825c3f83
*** Element info: {Using=xpath, value=//android.widget.TextView[@text='Create your account']}]]>
            </message>
            <full-stacktrace>
              <![CDATA[org.openqa.selenium.NoSuchElementException: An element could not be located on the page using the given search parameters.
For documentation on this error, please visit: https://www.seleniumhq.org/exceptions/no_such_element.html
Build info: version: '3.141.59', revision: 'e82be7d358', time: '2018-11-14T08:17:03'
System info: host: 'Admins-MacBook-Pro.local', ip: 'fe80:0:0:0:10f3:b6ba:e29b:760a%en0', os.name: 'Mac OS X', os.arch: 'x86_64', os.version: '12.4', java.version: '18.0.1.1'
Driver info: io.appium.java_client.AppiumDriver
Capabilities {app: /Users/admin/Desktop/Planna..., appPackage: com.planna, automationName: UiAutomator2, databaseEnabled: false, desired: {app: /Users/admin/Desktop/Planna..., automationName: UiAutomator2, deviceName: 245d0e1d, fullReset: true, platformName: android, platformVersion: 12}, deviceApiLevel: 31, deviceManufacturer: OnePlus, deviceModel: IN2011, deviceName: 245d0e1d, deviceScreenDensity: 480, deviceScreenSize: 1080x2400, deviceUDID: 245d0e1d, fullReset: true, javascriptEnabled: true, locationContextEnabled: false, networkConnectionEnabled: true, pixelRatio: 3, platform: LINUX, platformName: android, platformVersion: 12, statBarHeight: 107, takesScreenshot: true, viewportRect: {height: 2186, left: 0, top: 107, width: 1080}, warnings: {}, webStorageEnabled: false}
Session ID: 0ab5d909-7c67-4f19-90b5-70fe825c3f83
*** Element info: {Using=xpath, value=//android.widget.TextView[@text='Create your account']}
at java.base/jdk.internal.reflect.DirectConstructorHandleAccessor.newInstance(DirectConstructorHandleAccessor.java:67)
at java.base/java.lang.reflect.Constructor.newInstanceWithCaller(Constructor.java:499)
at java.base/java.lang.reflect.Constructor.newInstance(Constructor.java:483)
at org.openqa.selenium.remote.http.W3CHttpResponseCodec.createException(W3CHttpResponseCodec.java:187)
at org.openqa.selenium.remote.http.W3CHttpResponseCodec.decode(W3CHttpResponseCodec.java:122)
at org.openqa.selenium.remote.http.W3CHttpResponseCodec.decode(W3CHttpResponseCodec.java:49)
at org.openqa.selenium.remote.HttpCommandExecutor.execute(HttpCommandExecutor.java:158)
at io.appium.java_client.remote.AppiumCommandExecutor.execute(AppiumCommandExecutor.java:247)
at org.openqa.selenium.remote.RemoteWebDriver.execute(RemoteWebDriver.java:552)
at io.appium.java_client.DefaultGenericMobileDriver.execute(DefaultGenericMobileDriver.java:41)
at io.appium.java_client.AppiumDriver.execute(AppiumDriver.java:1)
at org.openqa.selenium.remote.RemoteWebDriver.findElement(RemoteWebDriver.java:323)
at io.appium.java_client.DefaultGenericMobileDriver.findElement(DefaultGenericMobileDriver.java:61)
at io.appium.java_client.AppiumDriver.findElement(AppiumDriver.java:1)
at org.openqa.selenium.remote.RemoteWebDriver.findElementByXPath(RemoteWebDriver.java:428)
at io.appium.java_client.DefaultGenericMobileDriver.findElementByXPath(DefaultGenericMobileDriver.java:151)
at io.appium.java_client.AppiumDriver.findElementByXPath(AppiumDriver.java:1)
at org.openqa.selenium.By$ByXPath.findElement(By.java:353)
at org.openqa.selenium.remote.RemoteWebDriver.findElement(RemoteWebDriver.java:315)
at io.appium.java_client.DefaultGenericMobileDriver.findElement(DefaultGenericMobileDriver.java:57)
at io.appium.java_client.AppiumDriver.findElement(AppiumDriver.java:1)
at Pages.GetStartedPage.Create_Account(GetStartedPage.java:103)
at Tests.GetStartedTest.Verify_Get_Started_page_And_SignUp_Functionality(GetStartedTest.java:19)
at java.base/jdk.internal.reflect.DirectMethodHandleAccessor.invoke(DirectMethodHandleAccessor.java:104)
at java.base/java.lang.reflect.Method.invoke(Method.java:577)
at org.testng.internal.MethodInvocationHelper.invokeMethod(MethodInvocationHelper.java:133)
at org.testng.internal.TestInvoker.invokeMethod(TestInvoker.java:598)
at org.testng.internal.TestInvoker.invokeTestMethod(TestInvoker.java:173)
at org.testng.internal.MethodRunner.runInSequence(MethodRunner.java:46)
at org.testng.internal.TestInvoker$MethodInvocationAgent.invoke(TestInvoker.java:824)
at org.testng.internal.TestInvoker.invokeTestMethods(TestInvoker.java:146)
at org.testng.internal.TestMethodWorker.invokeTestMethods(TestMethodWorker.java:146)
at org.testng.internal.TestMethodWorker.run(TestMethodWorker.java:128)
at java.base/java.util.ArrayList.forEach(ArrayList.java:1511)
at org.testng.TestRunner.privateRun(TestRunner.java:794)
at org.testng.TestRunner.run(TestRunner.java:596)
at org.testng.SuiteRunner.runTest(SuiteRunner.java:377)
at org.testng.SuiteRunner.runSequentially(SuiteRunner.java:371)
at org.testng.SuiteRunner.privateRun(SuiteRunner.java:332)
at org.testng.SuiteRunner.run(SuiteRunner.java:276)
at org.testng.SuiteRunnerWorker.runSuite(SuiteRunnerWorker.java:53)
at org.testng.SuiteRunnerWorker.run(SuiteRunnerWorker.java:96)
at org.testng.TestNG.runSuitesSequentially(TestNG.java:1212)
at org.testng.TestNG.runSuitesLocally(TestNG.java:1134)
at org.testng.TestNG.runSuites(TestNG.java:1063)
at org.testng.TestNG.run(TestNG.java:1031)
at org.apache.maven.surefire.testng.TestNGExecutor.run(TestNGExecutor.java:284)
at org.apache.maven.surefire.testng.TestNGXmlTestSuite.execute(TestNGXmlTestSuite.java:75)
at org.apache.maven.surefire.testng.TestNGProvider.invoke(TestNGProvider.java:119)
at org.apache.maven.surefire.booter.ForkedBooter.runSuitesInProcess(ForkedBooter.java:428)
at org.apache.maven.surefire.booter.ForkedBooter.execute(ForkedBooter.java:162)
at org.apache.maven.surefire.booter.ForkedBooter.run(ForkedBooter.java:562)
at org.apache.maven.surefire.booter.ForkedBooter.main(ForkedBooter.java:548)
]]>
            </full-stacktrace>
          </exception> <!-- org.openqa.selenium.NoSuchElementException -->
          <reporter-output>
            <line>
              <![CDATA[Application Launched<br>]]>
            </line>
            <line>
              <![CDATA[Welcome Text Verified<br>]]>
            </line>
          </reporter-output>
        </test-method> <!-- Verify_Get_Started_page_And_SignUp_Functionality -->
        <test-method is-config="true" signature="tearDown(org.testng.ITestResult)[pri:0, instance:Tests.GetStartedTest@795cd85e]" started-at="2022-11-17T12:49:19 IST" name="tearDown" finished-at="2022-11-17T12:49:23 IST" duration-ms="3060" status="PASS">
          <params>
            <param index="0">
              <value>
                <![CDATA[[TestResult name=Verify_Get_Started_page_And_SignUp_Functionality status=FAILURE method=GetStartedTest.Verify_Get_Started_page_And_SignUp_Functionality()[pri:0, instance:Tests.GetStartedTest@795cd85e] output=Application Launched<br>]]]>
              </value>
            </param>
          </params>
          <reporter-output>
            <line>
              <![CDATA[<a href='Verify_Get_Started_page_And_SignUp_Functionality.png'> <img src='Verify_Get_Started_page_And_SignUp_Functionality.png' height='500' width='250'></img> </a><br><br>]]>
            </line>
            <line>
              <![CDATA[Failed : This test is failed at the above screen<br><br>]]>
            </line>
          </reporter-output>
        </test-method> <!-- tearDown -->
      </class> <!-- Tests.GetStartedTest -->
    </test> <!-- Create New Account : Verify Sign Up Functionality -->
    <test started-at="2022-11-17T12:49:23 IST" name="Login Functionality : Verify user login and logout" finished-at="2022-11-17T12:50:12 IST" duration-ms="49762">
      <class name="Tests.LoginTest">
        <test-method is-config="true" signature="init(org.testng.ITestResult)[pri:0, instance:Tests.LoginTest@61862a7f]" started-at="2022-11-17T12:49:23 IST" name="init" finished-at="2022-11-17T12:49:41 IST" duration-ms="18390" status="PASS">
          <params>
            <param index="0">
              <value>
                <![CDATA[[TestResult name={null} status=CREATED method=LoginTest.Verify_Login_And_Logout_Functionality()[pri:0, instance:Tests.LoginTest@61862a7f] output={null}]]]>
              </value>
            </param>
          </params>
          <reporter-output>
            <line>
              <![CDATA[Test Started : null<br><br>]]>
            </line>
          </reporter-output>
        </test-method> <!-- init -->
        <test-method signature="Verify_Login_And_Logout_Functionality()[pri:0, instance:Tests.LoginTest@61862a7f]" started-at="2022-11-17T12:49:41 IST" name="Verify_Login_And_Logout_Functionality" finished-at="2022-11-17T12:50:12 IST" duration-ms="30404" status="PASS">
          <reporter-output>
            <line>
              <![CDATA[Application Launched<br>]]>
            </line>
            <line>
              <![CDATA[Welcome Text Verified<br>]]>
            </line>
            <line>
              <![CDATA[Clicked On Login Button<br>]]>
            </line>
            <line>
              <![CDATA[Clicked On Continue with username Button<br>]]>
            </line>
            <line>
              <![CDATA[Entered UserName :- oyhktoy<br>]]>
            </line>
            <line>
              <![CDATA[Entered UserName :- Test@123<br>]]>
            </line>
            <line>
              <![CDATA[Clicked On Sign In Button<br>]]>
            </line>
            <line>
              <![CDATA[Clicked On Skip Button<br>]]>
            </line>
            <line>
              <![CDATA[Clicked On Account Menu Button<br>]]>
            </line>
            <line>
              <![CDATA[Clicked On Logout Button<br>]]>
            </line>
            <line>
              <![CDATA[Back to Welcome Screen<br>]]>
            </line>
          </reporter-output>
        </test-method> <!-- Verify_Login_And_Logout_Functionality -->
        <test-method is-config="true" signature="tearDown(org.testng.ITestResult)[pri:0, instance:Tests.LoginTest@61862a7f]" started-at="2022-11-17T12:50:12 IST" name="tearDown" finished-at="2022-11-17T12:50:12 IST" duration-ms="966" status="PASS">
          <params>
            <param index="0">
              <value>
                <![CDATA[[TestResult name=Verify_Login_And_Logout_Functionality status=SUCCESS method=LoginTest.Verify_Login_And_Logout_Functionality()[pri:0, instance:Tests.LoginTest@61862a7f] output=Application Launched<br>]]]>
              </value>
            </param>
          </params>
          <reporter-output>
            <line>
              <![CDATA[PASS : Verify_Login_And_Logout_Functionality<br><br><br>]]>
            </line>
          </reporter-output>
        </test-method> <!-- tearDown -->
      </class> <!-- Tests.LoginTest -->
    </test> <!-- Login Functionality : Verify user login and logout -->
  </suite> <!-- Regression Suite - All Tests -->
</testng-results>
