<?xml version="1.0" encoding="UTF-8"?>
<testsuite name="Create New Account : Verify Sign Up Functionality"
           tests="1"
           failures="1"
           errors="0"
           skipped="0"
           time="18.223">
  <properties />
            <testcase name="Verify_Get_Started_page_And_SignUp_Functionality" time="18.223" classname="Tests.GetStartedTest">
                <failure type="org.openqa.selenium.NoSuchElementException"
                  message="An element could not be located on the page using the given search parameters.
For documentation on this error, please visit: https://www.seleniumhq.org/exceptions/no_such_element.html
Build info: version: &apos;3.141.59&apos;, revision: &apos;e82be7d358&apos;, time: &apos;2018-11-14T08:17:03&apos;
System info: host: &apos;Admins-MacBook-Pro.local&apos;, ip: &apos;fe80:0:0:0:10f3:b6ba:e29b:760a%en0&apos;, os.name: &apos;Mac OS X&apos;, os.arch: &apos;x86_64&apos;, os.version: &apos;12.4&apos;, java.version: &apos;18.0.1.1&apos;
Driver info: io.appium.java_client.AppiumDriver
Capabilities {app: /Users/admin/Desktop/Planna..., appPackage: com.planna, automationName: UiAutomator2, databaseEnabled: false, desired: {app: /Users/admin/Desktop/Planna..., automationName: UiAutomator2, deviceName: 245d0e1d, fullReset: true, platformName: android, platformVersion: 12}, deviceApiLevel: 31, deviceManufacturer: OnePlus, deviceModel: IN2011, deviceName: 245d0e1d, deviceScreenDensity: 480, deviceScreenSize: 1080x2400, deviceUDID: 245d0e1d, fullReset: true, javascriptEnabled: true, locationContextEnabled: false, networkConnectionEnabled: true, pixelRatio: 3, platform: LINUX, platformName: android, platformVersion: 12, statBarHeight: 107, takesScreenshot: true, viewportRect: {height: 2186, left: 0, top: 107, width: 1080}, warnings: {}, webStorageEnabled: false}
Session ID: 0ab5d909-7c67-4f19-90b5-70fe825c3f83
*** Element info: {Using=xpath, value=//android.widget.TextView[@text=&apos;Create your account&apos;]}"
              >
<![CDATA[org.openqa.selenium.NoSuchElementException: An element could not be located on the page using the given search parameters.
For documentation on this error, please visit: https://www.seleniumhq.org/exceptions/no_such_element.html
Build info: version: '3.141.59', revision: 'e82be7d358', time: '2018-11-14T08:17:03'
System info: host: 'Admins-MacBook-Pro.local', ip: 'fe80:0:0:0:10f3:b6ba:e29b:760a%en0', os.name: 'Mac OS X', os.arch: 'x86_64', os.version: '12.4', java.version: '18.0.1.1'
Driver info: io.appium.java_client.AppiumDriver
Capabilities {app: /Users/admin/Desktop/Planna..., appPackage: com.planna, automationName: UiAutomator2, databaseEnabled: false, desired: {app: /Users/admin/Desktop/Planna..., automationName: UiAutomator2, deviceName: 245d0e1d, fullReset: true, platformName: android, platformVersion: 12}, deviceApiLevel: 31, deviceManufacturer: OnePlus, deviceModel: IN2011, deviceName: 245d0e1d, deviceScreenDensity: 480, deviceScreenSize: 1080x2400, deviceUDID: 245d0e1d, fullReset: true, javascriptEnabled: true, locationContextEnabled: false, networkConnectionEnabled: true, pixelRatio: 3, platform: LINUX, platformName: android, platformVersion: 12, statBarHeight: 107, takesScreenshot: true, viewportRect: {height: 2186, left: 0, top: 107, width: 1080}, warnings: {}, webStorageEnabled: false}
Session ID: 0ab5d909-7c67-4f19-90b5-70fe825c3f83
*** Element info: {Using=xpath, value=//android.widget.TextView[@text='Create your account']}
  java.base/jdk.internal.reflect.DirectConstructorHandleAccessor.newInstance(DirectConstructorHandleAccessor.java:67)
  java.base/java.lang.reflect.Constructor.newInstanceWithCaller(Constructor.java:499)
  java.base/java.lang.reflect.Constructor.newInstance(Constructor.java:483)
  org.openqa.selenium.remote.http.W3CHttpResponseCodec.createException(W3CHttpResponseCodec.java:187)
  org.openqa.selenium.remote.http.W3CHttpResponseCodec.decode(W3CHttpResponseCodec.java:122)
  org.openqa.selenium.remote.http.W3CHttpResponseCodec.decode(W3CHttpResponseCodec.java:49)
  org.openqa.selenium.remote.HttpCommandExecutor.execute(HttpCommandExecutor.java:158)
  io.appium.java_client.remote.AppiumCommandExecutor.execute(AppiumCommandExecutor.java:247)
  org.openqa.selenium.remote.RemoteWebDriver.execute(RemoteWebDriver.java:552)
  io.appium.java_client.DefaultGenericMobileDriver.execute(DefaultGenericMobileDriver.java:41)
  io.appium.java_client.AppiumDriver.execute(AppiumDriver.java:1)
  org.openqa.selenium.remote.RemoteWebDriver.findElement(RemoteWebDriver.java:323)
  io.appium.java_client.DefaultGenericMobileDriver.findElement(DefaultGenericMobileDriver.java:61)
  io.appium.java_client.AppiumDriver.findElement(AppiumDriver.java:1)
  org.openqa.selenium.remote.RemoteWebDriver.findElementByXPath(RemoteWebDriver.java:428)
  io.appium.java_client.DefaultGenericMobileDriver.findElementByXPath(DefaultGenericMobileDriver.java:151)
  io.appium.java_client.AppiumDriver.findElementByXPath(AppiumDriver.java:1)
  org.openqa.selenium.By$ByXPath.findElement(By.java:353)
  org.openqa.selenium.remote.RemoteWebDriver.findElement(RemoteWebDriver.java:315)
  io.appium.java_client.DefaultGenericMobileDriver.findElement(DefaultGenericMobileDriver.java:57)
  io.appium.java_client.AppiumDriver.findElement(AppiumDriver.java:1)
  Pages.GetStartedPage.Create_Account(GetStartedPage.java:103)
  Tests.GetStartedTest.Verify_Get_Started_page_And_SignUp_Functionality(GetStartedTest.java:19)
  java.base/jdk.internal.reflect.DirectMethodHandleAccessor.invoke(DirectMethodHandleAccessor.java:104)
  java.base/java.lang.reflect.Method.invoke(Method.java:577)
  org.testng.internal.MethodInvocationHelper.invokeMethod(MethodInvocationHelper.java:133)
  org.testng.internal.TestInvoker.invokeMethod(TestInvoker.java:598)
  org.testng.internal.TestInvoker.invokeTestMethod(TestInvoker.java:173)
  org.testng.internal.MethodRunner.runInSequence(MethodRunner.java:46)
  org.testng.internal.TestInvoker$MethodInvocationAgent.invoke(TestInvoker.java:824)
  org.testng.internal.TestInvoker.invokeTestMethods(TestInvoker.java:146)
  org.testng.internal.TestMethodWorker.invokeTestMethods(TestMethodWorker.java:146)
  org.testng.internal.TestMethodWorker.run(TestMethodWorker.java:128)
  java.base/java.util.ArrayList.forEach(ArrayList.java:1511)
  org.testng.TestRunner.privateRun(TestRunner.java:794)
  org.testng.TestRunner.run(TestRunner.java:596)
  org.testng.SuiteRunner.runTest(SuiteRunner.java:377)
  org.testng.SuiteRunner.runSequentially(SuiteRunner.java:371)
  org.testng.SuiteRunner.privateRun(SuiteRunner.java:332)
  org.testng.SuiteRunner.run(SuiteRunner.java:276)
  org.testng.SuiteRunnerWorker.runSuite(SuiteRunnerWorker.java:53)
  org.testng.SuiteRunnerWorker.run(SuiteRunnerWorker.java:96)
  org.testng.TestNG.runSuitesSequentially(TestNG.java:1212)
  org.testng.TestNG.runSuitesLocally(TestNG.java:1134)
  org.testng.TestNG.runSuites(TestNG.java:1063)
  org.testng.TestNG.run(TestNG.java:1031)
  org.apache.maven.surefire.testng.TestNGExecutor.run(TestNGExecutor.java:284)
  org.apache.maven.surefire.testng.TestNGXmlTestSuite.execute(TestNGXmlTestSuite.java:75)
  org.apache.maven.surefire.testng.TestNGProvider.invoke(TestNGProvider.java:119)
  org.apache.maven.surefire.booter.ForkedBooter.runSuitesInProcess(ForkedBooter.java:428)
  org.apache.maven.surefire.booter.ForkedBooter.execute(ForkedBooter.java:162)
  org.apache.maven.surefire.booter.ForkedBooter.run(ForkedBooter.java:562)
  org.apache.maven.surefire.booter.ForkedBooter.main(ForkedBooter.java:548)
]]>
      </failure>

          </testcase>
  
  
  
</testsuite>
